
> skara-js-website@1.0.0 build
> skara-build build

üèõÔ∏è  Skara Build System
Ancient wisdom meets modern deployment

üèóÔ∏è  Building Skara.js application...
üì¶ Building JavaScript...
‚úò [ERROR] Cannot read properties of undefined (reading 'root') [plugin skara-resolver]

    ../node_modules/esbuild/lib/main.js:1374:27:
      1374 ‚îÇ         let result = await callback({
           ‚ïµ                            ^

    at file:///C:/Users/Prime/OneDrive/Desktop/skarajs/packages/skara-build/src/index.js:84:37
    at requestCallbacks.on-resolve (C:\Users\Prime\OneDrive\Desktop\skarajs\node_modules\esbuild\lib\main.js:1374:28)
    at handleRequest (C:\Users\Prime\OneDrive\Desktop\skarajs\node_modules\esbuild\lib\main.js:732:17)
    at handleIncomingPacket (C:\Users\Prime\OneDrive\Desktop\skarajs\node_modules\esbuild\lib\main.js:757:7)
    at Socket.readFromStdout (C:\Users\Prime\OneDrive\Desktop\skarajs\node_modules\esbuild\lib\main.js:680:7)
    at Socket.emit (node:events:518:28)
    at addChunk (node:internal/streams/readable:561:12)
    at readableAddChunkPushByteMode (node:internal/streams/readable:512:3)
    at Readable.push (node:internal/streams/readable:392:5)
    at Pipe.onStreamRead (node:internal/stream_base_commons:189:23)

  This error came from the "onResolve" callback registered here:

    ../node_modules/esbuild/lib/main.js:1293:20:
      1293 ‚îÇ       let promise = setup({
           ‚ïµ                     ^

    at setup (file:///C:/Users/Prime/OneDrive/Desktop/skarajs/packages/skara-build/src/index.js:83:17)
    at handlePlugins (C:\Users\Prime\OneDrive\Desktop\skarajs\node_modules\esbuild\lib\main.js:1293:21)
    at buildOrContextImpl (C:\Users\Prime\OneDrive\Desktop\skarajs\node_modules\esbuild\lib\main.js:979:5)
    at Object.buildOrContext (C:\Users\Prime\OneDrive\Desktop\skarajs\node_modules\esbuild\lib\main.js:788:5)
    at C:\Users\Prime\OneDrive\Desktop\skarajs\node_modules\esbuild\lib\main.js:2214:15
    at new Promise (<anonymous>)
    at Object.build (C:\Users\Prime\OneDrive\Desktop\skarajs\node_modules\esbuild\lib\main.js:2213:25)
    at build (C:\Users\Prime\OneDrive\Desktop\skarajs\node_modules\esbuild\lib\main.js:2047:51)
    at SkaraBuild.buildJS (file:///C:/Users/Prime/OneDrive/Desktop/skarajs/packages/skara-build/src/index.js:57:11)

  The plugin "skara-resolver" was triggered by this import

    src/index.sjs:1:22:
      1 ‚îÇ import { mount } from 'skara-js';
        ‚ïµ                       ~~~~~~~~~~

‚úò [ERROR] Cannot read properties of undefined (reading 'root') [plugin skara-resolver]

    ../node_modules/esbuild/lib/main.js:1374:27:
      1374 ‚îÇ         let result = await callback({
           ‚ïµ                            ^

    at file:///C:/Users/Prime/OneDrive/Desktop/skarajs/packages/skara-build/src/index.js:84:37
    at requestCallbacks.on-resolve (C:\Users\Prime\OneDrive\Desktop\skarajs\node_modules\esbuild\lib\main.js:1374:28)
    at handleRequest (C:\Users\Prime\OneDrive\Desktop\skarajs\node_modules\esbuild\lib\main.js:732:17)
    at handleIncomingPacket (C:\Users\Prime\OneDrive\Desktop\skarajs\node_modules\esbuild\lib\main.js:757:7)
    at Socket.readFromStdout (C:\Users\Prime\OneDrive\Desktop\skarajs\node_modules\esbuild\lib\main.js:680:7)
    at Socket.emit (node:events:518:28)
    at addChunk (node:internal/streams/readable:561:12)
    at readableAddChunkPushByteMode (node:internal/streams/readable:512:3)
    at Readable.push (node:internal/streams/readable:392:5)
    at Pipe.onStreamRead (node:internal/stream_base_commons:189:23)

  This error came from the "onResolve" callback registered here:

    ../node_modules/esbuild/lib/main.js:1293:20:
      1293 ‚îÇ       let promise = setup({
           ‚ïµ                     ^

    at setup (file:///C:/Users/Prime/OneDrive/Desktop/skarajs/packages/skara-build/src/index.js:83:17)
    at handlePlugins (C:\Users\Prime\OneDrive\Desktop\skarajs\node_modules\esbuild\lib\main.js:1293:21)
    at buildOrContextImpl (C:\Users\Prime\OneDrive\Desktop\skarajs\node_modules\esbuild\lib\main.js:979:5)
    at Object.buildOrContext (C:\Users\Prime\OneDrive\Desktop\skarajs\node_modules\esbuild\lib\main.js:788:5)
    at C:\Users\Prime\OneDrive\Desktop\skarajs\node_modules\esbuild\lib\main.js:2214:15
    at new Promise (<anonymous>)
    at Object.build (C:\Users\Prime\OneDrive\Desktop\skarajs\node_modules\esbuild\lib\main.js:2213:25)
    at build (C:\Users\Prime\OneDrive\Desktop\skarajs\node_modules\esbuild\lib\main.js:2047:51)
    at SkaraBuild.buildJS (file:///C:/Users/Prime/OneDrive/Desktop/skarajs/packages/skara-build/src/index.js:57:11)

  The plugin "skara-resolver" was triggered by this import

    src/App.ssx:1:39:
      1 ‚îÇ import { h, useState, useEffect } from 'skara-js';
        ‚ïµ                                        ~~~~~~~~~~

‚ùå Build failed: Build failed with 2 errors:
../node_modules/esbuild/lib/main.js:1374:27: ERROR: [plugin: skara-resolver] Cannot read properties of undefined (reading 'root')
../node_modules/esbuild/lib/main.js:1374:27: ERROR: [plugin: skara-resolver] Cannot read properties of undefined (reading 'root')
npm error Lifecycle script `build` failed with error:
npm error code 1
npm error path C:\Users\Prime\OneDrive\Desktop\skarajs\website
npm error workspace skara-js-website@1.0.0
npm error location C:\Users\Prime\OneDrive\Desktop\skarajs\website
npm error command failed
npm error command C:\Windows\system32\cmd.exe /d /s /c skara-build build
